This is pdfTeX, Version 3.14159265-2.6-1.40.17 (TeX Live 2016) (preloaded format=pdflatex 2017.4.10)  25 APR 2017 13:04
entering extended mode
 restricted \write18 enabled.
 file:line:error style messages enabled.
 %&-line parsing enabled.
**NetworksReport.tex
(./NetworksReport.tex
LaTeX2e <2017/01/01> patch level 3
Babel <3.9r> and hyphenation patterns for 83 language(s) loaded.
(/usr/local/texlive/2016/texmf-dist/tex/latex/IEEEtran/IEEEtran.cls
Document Class: IEEEtran 2015/08/26 V1.8b by Michael Shell
-- See the "IEEEtran_HOWTO" manual for usage information.
-- http://www.michaelshell.org/tex/ieeetran/
\@IEEEtrantmpdimenA=\dimen102
\@IEEEtrantmpdimenB=\dimen103
\@IEEEtrantmpdimenC=\dimen104
\@IEEEtrantmpcountA=\count79
\@IEEEtrantmpcountB=\count80
\@IEEEtrantmpcountC=\count81
\@IEEEtrantmptoksA=\toks14
LaTeX Font Info:    Try loading font information for OT1+ptm on input line 503.

(/usr/local/texlive/2016/texmf-dist/tex/latex/psnfss/ot1ptm.fd
File: ot1ptm.fd 2001/06/04 font definitions for OT1/ptm.
)
-- Using 8.5in x 11in (letter) paper.
-- Using PDF output.
\@IEEEnormalsizeunitybaselineskip=\dimen105
-- This is a 10 point document.
\CLASSINFOnormalsizebaselineskip=\dimen106
\CLASSINFOnormalsizeunitybaselineskip=\dimen107
\IEEEnormaljot=\dimen108
LaTeX Font Info:    Font shape `OT1/ptm/bx/n' in size <5> not available
(Font)              Font shape `OT1/ptm/b/n' tried instead on input line 1090.
LaTeX Font Info:    Font shape `OT1/ptm/bx/it' in size <5> not available
(Font)              Font shape `OT1/ptm/b/it' tried instead on input line 1090.

LaTeX Font Info:    Font shape `OT1/ptm/bx/n' in size <7> not available
(Font)              Font shape `OT1/ptm/b/n' tried instead on input line 1090.
LaTeX Font Info:    Font shape `OT1/ptm/bx/it' in size <7> not available
(Font)              Font shape `OT1/ptm/b/it' tried instead on input line 1090.

LaTeX Font Info:    Font shape `OT1/ptm/bx/n' in size <8> not available
(Font)              Font shape `OT1/ptm/b/n' tried instead on input line 1090.
LaTeX Font Info:    Font shape `OT1/ptm/bx/it' in size <8> not available
(Font)              Font shape `OT1/ptm/b/it' tried instead on input line 1090.

LaTeX Font Info:    Font shape `OT1/ptm/bx/n' in size <9> not available
(Font)              Font shape `OT1/ptm/b/n' tried instead on input line 1090.
LaTeX Font Info:    Font shape `OT1/ptm/bx/it' in size <9> not available
(Font)              Font shape `OT1/ptm/b/it' tried instead on input line 1090.

LaTeX Font Info:    Font shape `OT1/ptm/bx/n' in size <10> not available
(Font)              Font shape `OT1/ptm/b/n' tried instead on input line 1090.
LaTeX Font Info:    Font shape `OT1/ptm/bx/it' in size <10> not available
(Font)              Font shape `OT1/ptm/b/it' tried instead on input line 1090.

LaTeX Font Info:    Font shape `OT1/ptm/bx/n' in size <11> not available
(Font)              Font shape `OT1/ptm/b/n' tried instead on input line 1090.
LaTeX Font Info:    Font shape `OT1/ptm/bx/it' in size <11> not available
(Font)              Font shape `OT1/ptm/b/it' tried instead on input line 1090.

LaTeX Font Info:    Font shape `OT1/ptm/bx/n' in size <12> not available
(Font)              Font shape `OT1/ptm/b/n' tried instead on input line 1090.
LaTeX Font Info:    Font shape `OT1/ptm/bx/it' in size <12> not available
(Font)              Font shape `OT1/ptm/b/it' tried instead on input line 1090.

LaTeX Font Info:    Font shape `OT1/ptm/bx/n' in size <17> not available
(Font)              Font shape `OT1/ptm/b/n' tried instead on input line 1090.
LaTeX Font Info:    Font shape `OT1/ptm/bx/it' in size <17> not available
(Font)              Font shape `OT1/ptm/b/it' tried instead on input line 1090.

LaTeX Font Info:    Font shape `OT1/ptm/bx/n' in size <20> not available
(Font)              Font shape `OT1/ptm/b/n' tried instead on input line 1090.
LaTeX Font Info:    Font shape `OT1/ptm/bx/it' in size <20> not available
(Font)              Font shape `OT1/ptm/b/it' tried instead on input line 1090.

LaTeX Font Info:    Font shape `OT1/ptm/bx/n' in size <24> not available
(Font)              Font shape `OT1/ptm/b/n' tried instead on input line 1090.
LaTeX Font Info:    Font shape `OT1/ptm/bx/it' in size <24> not available
(Font)              Font shape `OT1/ptm/b/it' tried instead on input line 1090.

\IEEEquantizedlength=\dimen109
\IEEEquantizedlengthdiff=\dimen110
\IEEEquantizedtextheightdiff=\dimen111
\IEEEilabelindentA=\dimen112
\IEEEilabelindentB=\dimen113
\IEEEilabelindent=\dimen114
\IEEEelabelindent=\dimen115
\IEEEdlabelindent=\dimen116
\IEEElabelindent=\dimen117
\IEEEiednormlabelsep=\dimen118
\IEEEiedmathlabelsep=\dimen119
\IEEEiedtopsep=\skip41
\c@section=\count82
\c@subsection=\count83
\c@subsubsection=\count84
\c@paragraph=\count85
\c@IEEEsubequation=\count86
\abovecaptionskip=\skip42
\belowcaptionskip=\skip43
\c@figure=\count87
\c@table=\count88
\@IEEEeqnnumcols=\count89
\@IEEEeqncolcnt=\count90
\@IEEEsubeqnnumrollback=\count91
\@IEEEquantizeheightA=\dimen120
\@IEEEquantizeheightB=\dimen121
\@IEEEquantizeheightC=\dimen122
\@IEEEquantizeprevdepth=\dimen123
\@IEEEquantizemultiple=\count92
\@IEEEquantizeboxA=\box26
\@IEEEtmpitemindent=\dimen124
\IEEEPARstartletwidth=\dimen125
\c@IEEEbiography=\count93
\@IEEEtranrubishbin=\box27
) (/usr/local/texlive/2016/texmf-dist/tex/latex/graphics/graphicx.sty
Package: graphicx 2014/10/28 v1.0g Enhanced LaTeX Graphics (DPC,SPQR)

(/usr/local/texlive/2016/texmf-dist/tex/latex/graphics/keyval.sty
Package: keyval 2014/10/28 v1.15 key=value parser (DPC)
\KV@toks@=\toks15
)
(/usr/local/texlive/2016/texmf-dist/tex/latex/graphics/graphics.sty
Package: graphics 2016/10/09 v1.0u Standard LaTeX Graphics (DPC,SPQR)

(/usr/local/texlive/2016/texmf-dist/tex/latex/graphics/trig.sty
Package: trig 2016/01/03 v1.10 sin cos tan (DPC)
)
(/usr/local/texlive/2016/texmf-dist/tex/latex/graphics-cfg/graphics.cfg
File: graphics.cfg 2016/06/04 v1.11 sample graphics configuration
)
Package graphics Info: Driver file: pdftex.def on input line 99.

(/usr/local/texlive/2016/texmf-dist/tex/latex/graphics-def/pdftex.def
File: pdftex.def 2017/01/12 v0.06k Graphics/color for pdfTeX

(/usr/local/texlive/2016/texmf-dist/tex/generic/oberdiek/infwarerr.sty
Package: infwarerr 2016/05/16 v1.4 Providing info/warning/error messages (HO)
)
(/usr/local/texlive/2016/texmf-dist/tex/generic/oberdiek/ltxcmds.sty
Package: ltxcmds 2016/05/16 v1.23 LaTeX kernel commands for general use (HO)
)
\Gread@gobject=\count94
))
\Gin@req@height=\dimen126
\Gin@req@width=\dimen127
)
(/usr/local/texlive/2016/texmf-dist/tex/latex/geometry/geometry.sty
Package: geometry 2010/09/12 v5.6 Page Geometry

(/usr/local/texlive/2016/texmf-dist/tex/generic/oberdiek/ifpdf.sty
Package: ifpdf 2017/03/15 v3.2 Provides the ifpdf switch
)
(/usr/local/texlive/2016/texmf-dist/tex/generic/oberdiek/ifvtex.sty
Package: ifvtex 2016/05/16 v1.6 Detect VTeX and its facilities (HO)
Package ifvtex Info: VTeX not detected.
)
(/usr/local/texlive/2016/texmf-dist/tex/generic/ifxetex/ifxetex.sty
Package: ifxetex 2010/09/12 v0.6 Provides ifxetex conditional
)
\Gm@cnth=\count95
\Gm@cntv=\count96
\c@Gm@tempcnt=\count97
\Gm@bindingoffset=\dimen128
\Gm@wd@mp=\dimen129
\Gm@odd@mp=\dimen130
\Gm@even@mp=\dimen131
\Gm@layoutwidth=\dimen132
\Gm@layoutheight=\dimen133
\Gm@layouthoffset=\dimen134
\Gm@layoutvoffset=\dimen135
\Gm@dimlist=\toks16
)
(/usr/local/texlive/2016/texmf-dist/tex/latex/amsmath/amsmath.sty
Package: amsmath 2016/11/05 v2.16a AMS math features
\@mathmargin=\skip44

For additional information on amsmath, use the `?' option.
(/usr/local/texlive/2016/texmf-dist/tex/latex/amsmath/amstext.sty
Package: amstext 2000/06/29 v2.01 AMS text

(/usr/local/texlive/2016/texmf-dist/tex/latex/amsmath/amsgen.sty
File: amsgen.sty 1999/11/30 v2.0 generic functions
\@emptytoks=\toks17
\ex@=\dimen136
))
(/usr/local/texlive/2016/texmf-dist/tex/latex/amsmath/amsbsy.sty
Package: amsbsy 1999/11/29 v1.2d Bold Symbols
\pmbraise@=\dimen137
)
(/usr/local/texlive/2016/texmf-dist/tex/latex/amsmath/amsopn.sty
Package: amsopn 2016/03/08 v2.02 operator names
)
\inf@bad=\count98
LaTeX Info: Redefining \frac on input line 213.
\uproot@=\count99
\leftroot@=\count100
LaTeX Info: Redefining \overline on input line 375.
\classnum@=\count101
\DOTSCASE@=\count102
LaTeX Info: Redefining \ldots on input line 472.
LaTeX Info: Redefining \dots on input line 475.
LaTeX Info: Redefining \cdots on input line 596.
\Mathstrutbox@=\box28
\strutbox@=\box29
\big@size=\dimen138
LaTeX Font Info:    Redeclaring font encoding OML on input line 712.
LaTeX Font Info:    Redeclaring font encoding OMS on input line 713.
\macc@depth=\count103
\c@MaxMatrixCols=\count104
\dotsspace@=\muskip10
\c@parentequation=\count105
\dspbrk@lvl=\count106
\tag@help=\toks18
\row@=\count107
\column@=\count108
\maxfields@=\count109
\andhelp@=\toks19
\eqnshift@=\dimen139
\alignsep@=\dimen140
\tagshift@=\dimen141
\tagwidth@=\dimen142
\totwidth@=\dimen143
\lineht@=\dimen144
\@envbody=\toks20
\multlinegap=\skip45
\multlinetaggap=\skip46
\mathdisplay@stack=\toks21
LaTeX Info: Redefining \[ on input line 2817.
LaTeX Info: Redefining \] on input line 2818.
)
(/usr/local/texlive/2016/texmf-dist/tex/latex/amsfonts/amssymb.sty
Package: amssymb 2013/01/14 v3.01 AMS font symbols

(/usr/local/texlive/2016/texmf-dist/tex/latex/amsfonts/amsfonts.sty
Package: amsfonts 2013/01/14 v3.01 Basic AMSFonts support
\symAMSa=\mathgroup4
\symAMSb=\mathgroup5
LaTeX Font Info:    Overwriting math alphabet `\mathfrak' in version `bold'
(Font)                  U/euf/m/n --> U/euf/b/n on input line 106.
))
(/usr/local/texlive/2016/texmf-dist/tex/latex/tools/multicol.sty
Package: multicol 2016/04/07 v1.8p multicolumn formatting (FMi)
\c@tracingmulticols=\count110
\mult@box=\box30
\multicol@leftmargin=\dimen145
\c@unbalance=\count111
\c@collectmore=\count112
\doublecol@number=\count113
\multicoltolerance=\count114
\multicolpretolerance=\count115
\full@width=\dimen146
\page@free=\dimen147
\premulticols=\dimen148
\postmulticols=\dimen149
\multicolsep=\skip47
\multicolbaselineskip=\skip48
\partial@page=\box31
\last@line=\box32
\maxbalancingoverflow=\dimen150
\mult@rightbox=\box33
\mult@grightbox=\box34
\mult@gfirstbox=\box35
\mult@firstbox=\box36
\@tempa=\box37
\@tempa=\box38
\@tempa=\box39
\@tempa=\box40
\@tempa=\box41
\@tempa=\box42
\@tempa=\box43
\@tempa=\box44
\@tempa=\box45
\@tempa=\box46
\@tempa=\box47
\@tempa=\box48
\@tempa=\box49
\@tempa=\box50
\@tempa=\box51
\@tempa=\box52
\@tempa=\box53
\c@columnbadness=\count116
\c@finalcolumnbadness=\count117
\last@try=\dimen151
\multicolovershoot=\dimen152
\multicolundershoot=\dimen153
\mult@nat@firstbox=\box54
\colbreak@box=\box55
\mc@col@check@num=\count118
)
(/usr/local/texlive/2016/texmf-dist/tex/latex/float/float.sty
Package: float 2001/11/08 v1.3d Float enhancements (AL)
\c@float@type=\count119
\float@exts=\toks22
\float@box=\box56
\@float@everytoks=\toks23
\@floatcapt=\box57
)
(/usr/local/texlive/2016/texmf-dist/tex/latex/booktabs/booktabs.sty
Package: booktabs 2016/04/27 v1.618033 publication quality tables
\heavyrulewidth=\dimen154
\lightrulewidth=\dimen155
\cmidrulewidth=\dimen156
\belowrulesep=\dimen157
\belowbottomsep=\dimen158
\aboverulesep=\dimen159
\abovetopsep=\dimen160
\cmidrulesep=\dimen161
\cmidrulekern=\dimen162
\defaultaddspace=\dimen163
\@cmidla=\count120
\@cmidlb=\count121
\@aboverulesep=\dimen164
\@belowrulesep=\dimen165
\@thisruleclass=\count122
\@lastruleclass=\count123
\@thisrulewidth=\dimen166
)
(/usr/local/texlive/2016/texmf-dist/tex/latex/changepage/changepage.sty
Package: changepage 2009/10/20 v1.0c check page and change page layout
\c@cp@cntr=\count124
\cp@tempcnt=\count125
)
(/usr/local/texlive/2016/texmf-dist/tex/latex/graphics/color.sty
Package: color 2016/07/10 v1.1e Standard LaTeX Color (DPC)

(/usr/local/texlive/2016/texmf-dist/tex/latex/graphics-cfg/color.cfg
File: color.cfg 2016/01/02 v1.6 sample color configuration
)
Package color Info: Driver file: pdftex.def on input line 147.
)
(/usr/local/texlive/2016/texmf-dist/tex/latex/tools/longtable.sty
Package: longtable 2014/10/28 v4.11 Multi-page Table package (DPC)
\LTleft=\skip49
\LTright=\skip50
\LTpre=\skip51
\LTpost=\skip52
\LTchunksize=\count126
\LTcapwidth=\dimen167
\LT@head=\box58
\LT@firsthead=\box59
\LT@foot=\box60
\LT@lastfoot=\box61
\LT@cols=\count127
\LT@rows=\count128
\c@LT@tables=\count129
\c@LT@chunks=\count130
\LT@p@ftn=\toks24
)
\c@theorem=\count131

No file NetworksReport.aux.
\openout1 = `NetworksReport.aux'.

LaTeX Font Info:    Checking defaults for OML/cmm/m/it on input line 40.
LaTeX Font Info:    ... okay on input line 40.
LaTeX Font Info:    Checking defaults for T1/cmr/m/n on input line 40.
LaTeX Font Info:    ... okay on input line 40.
LaTeX Font Info:    Checking defaults for OT1/cmr/m/n on input line 40.
LaTeX Font Info:    ... okay on input line 40.
LaTeX Font Info:    Checking defaults for OMS/cmsy/m/n on input line 40.
LaTeX Font Info:    ... okay on input line 40.
LaTeX Font Info:    Checking defaults for OMX/cmex/m/n on input line 40.
LaTeX Font Info:    ... okay on input line 40.
LaTeX Font Info:    Checking defaults for U/cmr/m/n on input line 40.
LaTeX Font Info:    ... okay on input line 40.
-- Lines per column: 54 (approximate, difference = 2.43001pt).
(/usr/local/texlive/2016/texmf-dist/tex/context/base/mkii/supp-pdf.mkii
[Loading MPS to PDF converter (version 2006.09.02).]
\scratchcounter=\count132
\scratchdimen=\dimen168
\scratchbox=\box62
\nofMPsegments=\count133
\nofMParguments=\count134
\everyMPshowfont=\toks25
\MPscratchCnt=\count135
\MPscratchDim=\dimen169
\MPnumerator=\count136
\makeMPintoPDFobject=\count137
\everyMPtoPDFconversion=\toks26
) (/usr/local/texlive/2016/texmf-dist/tex/generic/oberdiek/pdftexcmds.sty
Package: pdftexcmds 2017/03/19 v0.25 Utility functions of pdfTeX for LuaTeX (HO
)

(/usr/local/texlive/2016/texmf-dist/tex/generic/oberdiek/ifluatex.sty
Package: ifluatex 2016/05/16 v1.4 Provides the ifluatex switch (HO)
Package ifluatex Info: LuaTeX not detected.
)
Package pdftexcmds Info: LuaTeX not detected.
Package pdftexcmds Info: \pdf@primitive is available.
Package pdftexcmds Info: \pdf@ifprimitive is available.
Package pdftexcmds Info: \pdfdraftmode found.
)
(/usr/local/texlive/2016/texmf-dist/tex/latex/oberdiek/epstopdf-base.sty
Package: epstopdf-base 2016/05/15 v2.6 Base part for package epstopdf

(/usr/local/texlive/2016/texmf-dist/tex/latex/oberdiek/grfext.sty
Package: grfext 2016/05/16 v1.2 Manage graphics extensions (HO)

(/usr/local/texlive/2016/texmf-dist/tex/generic/oberdiek/kvdefinekeys.sty
Package: kvdefinekeys 2016/05/16 v1.4 Define keys (HO)
))
(/usr/local/texlive/2016/texmf-dist/tex/latex/oberdiek/kvoptions.sty
Package: kvoptions 2016/05/16 v3.12 Key value format for package options (HO)

(/usr/local/texlive/2016/texmf-dist/tex/generic/oberdiek/kvsetkeys.sty
Package: kvsetkeys 2016/05/16 v1.17 Key value parser (HO)

(/usr/local/texlive/2016/texmf-dist/tex/generic/oberdiek/etexcmds.sty
Package: etexcmds 2016/05/16 v1.6 Avoid name clashes with e-TeX commands (HO)
Package etexcmds Info: Could not find \expanded.
(etexcmds)             That can mean that you are not using pdfTeX 1.50 or
(etexcmds)             that some package has redefined \expanded.
(etexcmds)             In the latter case, load this package earlier.
)))
Package epstopdf-base Info: Redefining graphics rule for `.eps' on input line 4
38.
Package grfext Info: Graphics extension search list:
(grfext)             [.png,.pdf,.jpg,.mps,.jpeg,.jbig2,.jb2,.PNG,.PDF,.JPG,.JPE
G,.JBIG2,.JB2,.eps]
(grfext)             \AppendGraphicsExtensions on input line 456.

(/usr/local/texlive/2016/texmf-dist/tex/latex/latexconfig/epstopdf-sys.cfg
File: epstopdf-sys.cfg 2010/07/13 v1.3 Configuration of (r)epstopdf for TeX Liv
e
))
*geometry* driver: auto-detecting
*geometry* detected driver: pdftex
*geometry* verbose mode - [ preamble ] result:
* driver: pdftex
* paper: <default>
* layout: <same size as paper>
* layoutoffset:(h,v)=(0.0pt,0.0pt)
* modes: 
* h-part:(L,W,R)=(72.26999pt, 469.75502pt, 72.26999pt)
* v-part:(T,H,B)=(72.26999pt, 650.43001pt, 72.26999pt)
* \paperwidth=614.295pt
* \paperheight=794.96999pt
* \textwidth=469.75502pt
* \textheight=650.43001pt
* \oddsidemargin=0.0pt
* \evensidemargin=0.0pt
* \topmargin=-33.342pt
* \headheight=12.0pt
* \headsep=21.342pt
* \topskip=12.0pt
* \footskip=25.80774pt
* \marginparwidth=20.0pt
* \marginparsep=10.0pt
* \columnsep=12.0pt
* \skip\footins=10.79993pt plus 4.79993pt minus 2.39996pt
* \hoffset=0.0pt
* \voffset=0.0pt
* \mag=1000
* \@twocolumntrue
* \@twosidefalse
* \@mparswitchfalse
* \@reversemarginfalse
* (1in=72.27pt=25.4mm, 1cm=28.453pt)


LaTeX Warning: Citation `Mul13' on page  undefined on input line 56.


LaTeX Warning: Citation `Vui12' on page  undefined on input line 65.


LaTeX Warning: Citation `Gut06' on page  undefined on input line 65.


LaTeX Warning: Citation `Vie03' on page  undefined on input line 65.

[1{/usr/local/texlive/2016/texmf-var/fonts/map/pdftex/updmap/pdftex.map}


]
Underfull \hbox (badness 10000) in paragraph at lines 73--75
 \OT1/ptm/m/it/10 2) Non-blocking ran-dom num-ber gen-er-a-tor: [][]
 []


LaTeX Warning: Citation `Wal16' on page  undefined on input line 89.


LaTeX Warning: Citation `Fer13' on page  undefined on input line 93.

[2]
Underfull \hbox (badness 10000) in paragraph at lines 107--108

 []

LaTeX Font Info:    Try loading font information for U+msa on input line 109.
(/usr/local/texlive/2016/texmf-dist/tex/latex/amsfonts/umsa.fd
File: umsa.fd 2013/01/14 v3.01 AMS symbols A
)
LaTeX Font Info:    Try loading font information for U+msb on input line 109.

(/usr/local/texlive/2016/texmf-dist/tex/latex/amsfonts/umsb.fd
File: umsb.fd 2013/01/14 v3.01 AMS symbols B
)
Overfull \hbox (8.74498pt too wide) detected at line 126
\OML/cmm/m/it/10 H\OT1/cmr/m/n/10 (\OML/cmm/m/it/10 p[]\OT1/cmr/m/n/10 (\OML/cm
m/m/it/10 b\OT1/cmr/m/n/10 )\OML/cmm/m/it/10 ; p[]\OT1/cmr/m/n/10 (\OML/cmm/m/i
t/10 b\OT1/cmr/m/n/10 )) = \OMS/cmsy/m/n/10 ^^@\OT1/cmr/m/n/10 (\OML/cmm/m/it/1
0 p[]\OT1/cmr/m/n/10 (\OML/cmm/m/it/10 b\OT1/cmr/m/n/10 )[][](\OML/cmm/m/it/10 
p[]\OT1/cmr/m/n/10 (\OML/cmm/m/it/10 b\OT1/cmr/m/n/10 )) + \OML/cmm/m/it/10 p[]
\OT1/cmr/m/n/10 (\OML/cmm/m/it/10 b\OT1/cmr/m/n/10 )[][](\OML/cmm/m/it/10 p[]\O
T1/cmr/m/n/10 (\OML/cmm/m/it/10 b\OT1/cmr/m/n/10 )))
 []


Overfull \hbox (19.79593pt too wide) detected at line 126
\OMS/cmsy/m/n/10 r\OML/cmm/m/it/10 H\OT1/cmr/m/n/10 (\OML/cmm/m/it/10 p[]; p[]\
OT1/cmr/m/n/10 ) = [][]\OML/cmm/m/it/10 ; [][] \OT1/cmr/m/n/10 = [] \OMS/cmsy/m
/n/10 ^^@ []\OML/cmm/m/it/10 ; \OMS/cmsy/m/n/10 ^^@[][]
 []

[3]
Underfull \hbox (badness 10000) in paragraph at lines 142--143

 []


Underfull \hbox (badness 10000) in paragraph at lines 169--170

 []


Overfull \hbox (7.7092pt too wide) detected at line 180
\OML/cmm/m/it/10 Q[]\OT1/cmr/m/n/10 (\OML/cmm/m/it/10 X[]\OT1/cmr/m/n/10 ) = []

 []


Underfull \hbox (badness 10000) in paragraph at lines 196--197

 []

[4] <Neha2.png, id=27, 481.8pt x 481.8pt>
File: Neha2.png Graphic file (type png)
 <use Neha2.png>
Package pdftex.def Info: Neha2.png used on input line 234.
(pdftex.def)             Requested size: 144.5411pt x 144.5411pt.

<Zeng2.png, id=28, 481.8pt x 481.8pt>
File: Zeng2.png Graphic file (type png)
 <use Zeng2.png>
Package pdftex.def Info: Zeng2.png used on input line 235.
(pdftex.def)             Requested size: 144.5411pt x 144.5411pt.

<Micah2.png, id=29, 481.8pt x 481.8pt>
File: Micah2.png Graphic file (type png)
 <use Micah2.png>
Package pdftex.def Info: Micah2.png used on input line 236.
(pdftex.def)             Requested size: 144.5411pt x 144.5411pt.
 [5 <./Neha2.png (PNG copy)> <./Zeng2.png (PNG copy)> <./Micah2.png (PNG copy)>
] [6]
Underfull \hbox (badness 10000) in paragraph at lines 287--289
\OT1/ptm/m/n/10 Given a set of \OT1/ptm/b/n/10 dis-crete \OT1/ptm/m/n/10 ob-ser
-va-tions $\OML/cmm/m/it/10 X \OT1/cmr/m/n/10 =
 []

[7]
No file NetworksReport.bbl.

Overfull \hbox (40.02162pt too wide) in paragraph at lines 353--382
 [] 
 []


LaTeX Warning: `!h' float specifier changed to `!ht'.

[8

] [9]
Underfull \vbox (badness 10000) detected at line 416
 []

[10


]
Overfull \hbox (4.79306pt too wide) in alignment at lines 496--516
 [] [] [] [] [] [] [] [] [] 
 []


Overfull \hbox (4.79306pt too wide) in alignment at lines 516--524
 [] [] [] [] [] [] [] [] [] 
 []

[11]

Package longtable Warning: Column widths have changed
(longtable)                in table III on input line 524.


Overfull \hbox (2.11302pt too wide) in alignment at lines 530--553
 [] [] [] [] [] [] [] [] [] 
 []


Underfull \vbox (badness 10000) detected at line 553
 []


Overfull \hbox (5.45311pt too wide) in alignment at lines 553--573
 [] [] [] [] [] [] [] [] [] 
 []


Overfull \hbox (5.45311pt too wide) in alignment at lines 573--593
 [] [] [] [] [] [] [] [] [] 
 []

[12]
Overfull \hbox (5.45311pt too wide) in alignment at lines 593--613
 [] [] [] [] [] [] [] [] [] 
 []


Overfull \hbox (5.45311pt too wide) in alignment at lines 613--633
 [] [] [] [] [] [] [] [] [] 
 []


Overfull \hbox (19.79306pt too wide) in alignment at lines 633--653
 [] [] [] [] [] [] [] [] [] 
 []

[13]
Overfull \hbox (19.79306pt too wide) in alignment at lines 653--661
 [] [] [] [] [] [] [] [] [] 
 []


Package longtable Warning: Column widths have changed
(longtable)                in table IV on input line 661.


Package longtable Warning: Table widths have changed. Rerun LaTeX.

[14] (./NetworksReport.aux)

LaTeX Warning: There were undefined references.

 ) 
Here is how much of TeX's memory you used:
 4150 strings out of 493013
 61912 string characters out of 6133343
 168686 words of memory out of 5000000
 7617 multiletter control sequences out of 15000+600000
 43958 words of font info for 88 fonts, out of 8000000 for 9000
 1141 hyphenation exceptions out of 8191
 39i,9n,26p,1761b,293s stack positions out of 5000i,500n,10000p,200000b,80000s
{/usr/local/texlive/2016/texmf-dist/fonts/enc/dvips/base/8r.enc}</usr/local/t
exlive/2016/texmf-dist/fonts/type1/public/amsfonts/cm/cmex10.pfb></usr/local/te
xlive/2016/texmf-dist/fonts/type1/public/amsfonts/cm/cmmi10.pfb></usr/local/tex
live/2016/texmf-dist/fonts/type1/public/amsfonts/cm/cmmi7.pfb></usr/local/texli
ve/2016/texmf-dist/fonts/type1/public/amsfonts/cm/cmmi8.pfb></usr/local/texlive
/2016/texmf-dist/fonts/type1/public/amsfonts/cm/cmr10.pfb></usr/local/texlive/2
016/texmf-dist/fonts/type1/public/amsfonts/cm/cmr6.pfb></usr/local/texlive/2016
/texmf-dist/fonts/type1/public/amsfonts/cm/cmr7.pfb></usr/local/texlive/2016/te
xmf-dist/fonts/type1/public/amsfonts/cm/cmsy10.pfb></usr/local/texlive/2016/tex
mf-dist/fonts/type1/public/amsfonts/cm/cmsy7.pfb></usr/local/texlive/2016/texmf
-dist/fonts/type1/public/amsfonts/symbols/msbm10.pfb></usr/local/texlive/2016/t
exmf-dist/fonts/type1/urw/times/utmb8a.pfb></usr/local/texlive/2016/texmf-dist/
fonts/type1/urw/times/utmbi8a.pfb></usr/local/texlive/2016/texmf-dist/fonts/typ
e1/urw/times/utmr8a.pfb></usr/local/texlive/2016/texmf-dist/fonts/type1/urw/tim
es/utmri8a.pfb>
Output written on NetworksReport.pdf (14 pages, 373987 bytes).
PDF statistics:
 110 PDF objects out of 1000 (max. 8388607)
 76 compressed objects within 1 object stream
 0 named destinations out of 1000 (max. 500000)
 16 words of extra memory for PDF output out of 10000 (max. 10000000)

